\BOOKMARK [1][-]{section.2}{\376\377\0001\000\040\000I\000n\000t\000r\000o\000d\000u\000c\000t\000i\000o\000n}{}% 1
\BOOKMARK [1][-]{section.6}{\376\377\0002\000\040\000I\000n\000t\000r\000o\000d\000u\000c\000t\000i\000o\000n}{}% 2
\BOOKMARK [1][-]{section.10}{\376\377\0003\000\040\000I\000n\000s\000t\000r\000u\000c\000t\000i\000o\000n\000\040\000s\000e\000t}{}% 3
\BOOKMARK [2][-]{subsection.11}{\376\377\0003\000.\0001\000\040\000I\000n\000s\000t\000r\000u\000c\000t\000i\000o\000n\000\040\000f\000o\000r\000m\000a\000t}{section.10}% 4
\BOOKMARK [2][-]{subsection.14}{\376\377\0003\000.\0002\000\040\000C\000o\000n\000t\000r\000o\000l\000\040\000I\000n\000s\000t\000r\000u\000c\000t\000i\000o\000n}{section.10}% 5
\BOOKMARK [2][-]{subsection.15}{\376\377\0003\000.\0003\000\040\000A\000r\000i\000t\000h\000m\000e\000t\000i\000c\000\040\000a\000n\000d\000\040\000r\000e\000g\000i\000s\000t\000e\000r\000\040\000i\000n\000s\000t\000r\000u\000c\000t\000i\000o\000n}{section.10}% 6
\BOOKMARK [1][-]{section.16}{\376\377\0004\000\040\000P\000r\000o\000g\000r\000a\000m\000\040\000C\000o\000u\000n\000t\000e\000r\000,\000\040\000P\000r\000o\000g\000r\000a\000m\000\040\000m\000e\000m\000o\000r\000y\000\040\000a\000n\000d\000\040\000D\000e\000c\000o\000d\000e\000r\000\040\000d\000e\000s\000i\000g\000n}{}% 7
\BOOKMARK [2][-]{subsection.17}{\376\377\0004\000.\0001\000\040\000P\000r\000o\000g\000r\000a\000m\000\040\000C\000o\000u\000n\000t\000e\000r}{section.16}% 8
\BOOKMARK [2][-]{subsection.57}{\376\377\0004\000.\0002\000\040\000P\000r\000o\000g\000r\000a\000m\000\040\000M\000e\000m\000o\000r\000y}{section.16}% 9
\BOOKMARK [2][-]{subsection.98}{\376\377\0004\000.\0003\000\040\000D\000e\000c\000o\000d\000e\000r}{section.16}% 10
\BOOKMARK [1][-]{section.223}{\376\377\0005\000\040\000G\000e\000n\000e\000r\000a\000l\000\040\000P\000u\000r\000p\000o\000s\000e\000\040\000R\000e\000g\000i\000s\000t\000e\000r\000\040\000f\000i\000l\000e\000\040\000d\000e\000s\000i\000g\000n}{}% 11
\BOOKMARK [1][-]{section.261}{\376\377\0006\000\040\000A\000r\000i\000t\000h\000m\000e\000t\000i\000c\000\040\000L\000o\000g\000i\000c\000\040\000U\000n\000i\000t\000\040\000\050\000A\000L\000U\000\051\000\040\000a\000n\000d\000\040\000M\000u\000l\000t\000i\000p\000l\000i\000e\000r\000\040\000d\000e\000s\000i\000g\000n}{}% 12
\BOOKMARK [2][-]{subsection.262}{\376\377\0006\000.\0001\000\040\000M\000u\000l\000t\000i\000p\000l\000i\000e\000r}{section.261}% 13
\BOOKMARK [1][-]{section.298}{\376\377\0007\000\040\000A\000l\000t\000e\000r\000a\000\040\000D\000E\0000\000\040\000i\000m\000p\000l\000e\000m\000e\000n\000t\000a\000t\000i\000o\000n\000\040\000a\000n\000d\000\040\000o\000p\000t\000i\000m\000i\000z\000a\000t\000i\000o\000n}{}% 14
\BOOKMARK [2][-]{subsection.299}{\376\377\0007\000.\0001\000\040\000O\000r\000i\000g\000i\000n\000a\000l\000\040\000d\000e\000s\000i\000g\000n\000\040\000D\000E\0000\000\040\000i\000m\000p\000l\000e\000m\000e\000n\000t\000a\000i\000o\000n}{section.298}% 15
\BOOKMARK [2][-]{subsection.352}{\376\377\0007\000.\0002\000\040\000G\000e\000n\000e\000r\000a\000l\000\040\000p\000u\000r\000p\000o\000s\000e\000\040\000r\000e\000g\000i\000s\000t\000e\000r\000\040\000o\000p\000t\000i\000m\000i\000z\000a\000t\000i\000o\000n}{section.298}% 16
\BOOKMARK [2][-]{subsection.355}{\376\377\0007\000.\0003\000\040\000D\000e\000c\000o\000d\000e\000r\000\040\000o\000p\000t\000i\000m\000i\000z\000a\000t\000i\000o\000n}{section.298}% 17
\BOOKMARK [2][-]{subsection.412}{\376\377\0007\000.\0004\000\040\000I\000n\000s\000t\000r\000u\000c\000t\000i\000o\000n\000\040\000o\000p\000t\000i\000m\000i\000z\000a\000t\000i\000o\000n}{section.298}% 18
\BOOKMARK [2][-]{subsection.414}{\376\377\0007\000.\0005\000\040\000I\000m\000p\000r\000o\000v\000e\000d\000\040\000d\000e\000s\000i\000g\000n\000\040\000D\000E\0000\000\040\000i\000m\000p\000l\000e\000m\000e\000n\000t\000a\000i\000o\000n}{section.298}% 19
\BOOKMARK [1][-]{section.418}{\376\377\0008\000\040\000C\000o\000n\000c\000l\000u\000s\000i\000o\000n\000s}{}% 20
