This is pdfTeX, Version 3.1415926-2.4-1.40.13 (MiKTeX 2.9) (preloaded format=pdflatex 2013.12.6)  27 NOV 2014 18:36
entering extended mode
**ReportMain.tex

("C:\Users\Charlie\Dropbox\elec6237\SOC_Design_report\Final Report\ReportMain.t
ex"
LaTeX2e <2011/06/27>
Babel <v3.8m> and hyphenation patterns for english, afrikaans, ancientgreek, ar
abic, armenian, assamese, basque, bengali, bokmal, bulgarian, catalan, coptic, 
croatian, czech, danish, dutch, esperanto, estonian, farsi, finnish, french, ga
lician, german, german-x-2012-05-30, greek, gujarati, hindi, hungarian, iceland
ic, indonesian, interlingua, irish, italian, kannada, kurmanji, latin, latvian,
 lithuanian, malayalam, marathi, mongolian, mongolianlmc, monogreek, ngerman, n
german-x-2012-05-30, nynorsk, oriya, panjabi, pinyin, polish, portuguese, roman
ian, russian, sanskrit, serbian, slovak, slovenian, spanish, swedish, swissgerm
an, tamil, telugu, turkish, turkmen, ukenglish, ukrainian, uppersorbian, usengl
ishmax, welsh, loaded.
("C:\Users\Charlie\Dropbox\elec6237\SOC_Design_report\Final Report\IEEEtran.cls
"
Document Class: IEEEtran 2012/12/27 V1.8 by Michael Shell
-- See the "IEEEtran_HOWTO" manual for usage information.
-- http://www.michaelshell.org/tex/ieeetran/
\@IEEEtrantmpdimenA=\dimen102
\@IEEEtrantmpdimenB=\dimen103
\@IEEEtrantmpcountA=\count79
\@IEEEtrantmpcountB=\count80
\@IEEEtrantmptoksA=\toks14
LaTeX Font Info:    Try loading font information for OT1+ptm on input line 368.

("C:\Program Files (x86)\MiKTeX 2.9\tex\latex\psnfss\ot1ptm.fd"
File: ot1ptm.fd 2001/06/04 font definitions for OT1/ptm.
)
-- Using 8.5in x 11in (letter) paper.
-- Using PDF output.
\@IEEEnormalsizeunitybaselineskip=\dimen104
-- This is a 10 point document.
\CLASSINFOnormalsizebaselineskip=\dimen105
\CLASSINFOnormalsizeunitybaselineskip=\dimen106
\IEEEnormaljot=\dimen107
LaTeX Font Info:    Font shape `OT1/ptm/bx/n' in size <5> not available
(Font)              Font shape `OT1/ptm/b/n' tried instead on input line 726.
LaTeX Font Info:    Font shape `OT1/ptm/bx/it' in size <5> not available
(Font)              Font shape `OT1/ptm/b/it' tried instead on input line 726.
LaTeX Font Info:    Font shape `OT1/ptm/bx/n' in size <7> not available
(Font)              Font shape `OT1/ptm/b/n' tried instead on input line 726.
LaTeX Font Info:    Font shape `OT1/ptm/bx/it' in size <7> not available
(Font)              Font shape `OT1/ptm/b/it' tried instead on input line 726.
LaTeX Font Info:    Font shape `OT1/ptm/bx/n' in size <8> not available
(Font)              Font shape `OT1/ptm/b/n' tried instead on input line 726.
LaTeX Font Info:    Font shape `OT1/ptm/bx/it' in size <8> not available
(Font)              Font shape `OT1/ptm/b/it' tried instead on input line 726.
LaTeX Font Info:    Font shape `OT1/ptm/bx/n' in size <9> not available
(Font)              Font shape `OT1/ptm/b/n' tried instead on input line 726.
LaTeX Font Info:    Font shape `OT1/ptm/bx/it' in size <9> not available
(Font)              Font shape `OT1/ptm/b/it' tried instead on input line 726.
LaTeX Font Info:    Font shape `OT1/ptm/bx/n' in size <10> not available
(Font)              Font shape `OT1/ptm/b/n' tried instead on input line 726.
LaTeX Font Info:    Font shape `OT1/ptm/bx/it' in size <10> not available
(Font)              Font shape `OT1/ptm/b/it' tried instead on input line 726.
LaTeX Font Info:    Font shape `OT1/ptm/bx/n' in size <11> not available
(Font)              Font shape `OT1/ptm/b/n' tried instead on input line 726.
LaTeX Font Info:    Font shape `OT1/ptm/bx/it' in size <11> not available
(Font)              Font shape `OT1/ptm/b/it' tried instead on input line 726.
LaTeX Font Info:    Font shape `OT1/ptm/bx/n' in size <12> not available
(Font)              Font shape `OT1/ptm/b/n' tried instead on input line 726.
LaTeX Font Info:    Font shape `OT1/ptm/bx/it' in size <12> not available
(Font)              Font shape `OT1/ptm/b/it' tried instead on input line 726.
LaTeX Font Info:    Font shape `OT1/ptm/bx/n' in size <17> not available
(Font)              Font shape `OT1/ptm/b/n' tried instead on input line 726.
LaTeX Font Info:    Font shape `OT1/ptm/bx/it' in size <17> not available
(Font)              Font shape `OT1/ptm/b/it' tried instead on input line 726.
LaTeX Font Info:    Font shape `OT1/ptm/bx/n' in size <20> not available
(Font)              Font shape `OT1/ptm/b/n' tried instead on input line 726.
LaTeX Font Info:    Font shape `OT1/ptm/bx/it' in size <20> not available
(Font)              Font shape `OT1/ptm/b/it' tried instead on input line 726.
LaTeX Font Info:    Font shape `OT1/ptm/bx/n' in size <24> not available
(Font)              Font shape `OT1/ptm/b/n' tried instead on input line 726.
LaTeX Font Info:    Font shape `OT1/ptm/bx/it' in size <24> not available
(Font)              Font shape `OT1/ptm/b/it' tried instead on input line 726.
\IEEEilabelindentA=\dimen108
\IEEEilabelindentB=\dimen109
\IEEEilabelindent=\dimen110
\IEEEelabelindent=\dimen111
\IEEEdlabelindent=\dimen112
\IEEElabelindent=\dimen113
\IEEEiednormlabelsep=\dimen114
\IEEEiedmathlabelsep=\dimen115
\IEEEiedtopsep=\skip41
\c@section=\count81
\c@subsection=\count82
\c@subsubsection=\count83
\c@paragraph=\count84
\c@IEEEsubequation=\count85
\abovecaptionskip=\skip42
\belowcaptionskip=\skip43
\c@figure=\count86
\c@table=\count87
\@IEEEeqnnumcols=\count88
\@IEEEeqncolcnt=\count89
\@IEEEsubeqnnumrollback=\count90
\@IEEEtmpitemindent=\dimen116
\c@IEEEbiography=\count91
\@IEEEtranrubishbin=\box26
) ("C:\Program Files (x86)\MiKTeX 2.9\tex\generic\babel\babel.sty"
Package: babel 2008/07/08 v3.8m The Babel package

*************************************
* Local config file bblopts.cfg used
*
("C:\Program Files (x86)\MiKTeX 2.9\tex\latex\00miktex\bblopts.cfg"
File: bblopts.cfg 2006/07/31 v1.0 MiKTeX 'babel' configuration
)
("C:\Program Files (x86)\MiKTeX 2.9\tex\generic\babel\english.ldf"
Language: english 2005/03/30 v3.3o English support from the babel system

("C:\Program Files (x86)\MiKTeX 2.9\tex\generic\babel\babel.def"
File: babel.def 2008/07/08 v3.8m Babel common definitions
\babel@savecnt=\count92
\U@D=\dimen117
)
\l@canadian = a dialect from \language\l@american 
\l@australian = a dialect from \language\l@british 
\l@newzealand = a dialect from \language\l@british 
))
("C:\Program Files (x86)\MiKTeX 2.9\tex\latex\graphics\graphicx.sty"
Package: graphicx 1999/02/16 v1.0f Enhanced LaTeX Graphics (DPC,SPQR)

("C:\Program Files (x86)\MiKTeX 2.9\tex\latex\graphics\keyval.sty"
Package: keyval 1999/03/16 v1.13 key=value parser (DPC)
\KV@toks@=\toks15
)
("C:\Program Files (x86)\MiKTeX 2.9\tex\latex\graphics\graphics.sty"
Package: graphics 2009/02/05 v1.0o Standard LaTeX Graphics (DPC,SPQR)

("C:\Program Files (x86)\MiKTeX 2.9\tex\latex\graphics\trig.sty"
Package: trig 1999/03/16 v1.09 sin cos tan (DPC)
)
("C:\Program Files (x86)\MiKTeX 2.9\tex\latex\00miktex\graphics.cfg"
File: graphics.cfg 2007/01/18 v1.5 graphics configuration of teTeX/TeXLive
)
Package graphics Info: Driver file: pdftex.def on input line 91.

("C:\Program Files (x86)\MiKTeX 2.9\tex\latex\pdftex-def\pdftex.def"
File: pdftex.def 2011/05/27 v0.06d Graphics/color for pdfTeX

("C:\Program Files (x86)\MiKTeX 2.9\tex\generic\oberdiek\infwarerr.sty"
Package: infwarerr 2010/04/08 v1.3 Providing info/warning/error messages (HO)
)
("C:\Program Files (x86)\MiKTeX 2.9\tex\generic\oberdiek\ltxcmds.sty"
Package: ltxcmds 2011/11/09 v1.22 LaTeX kernel commands for general use (HO)
)
\Gread@gobject=\count93
))
\Gin@req@height=\dimen118
\Gin@req@width=\dimen119
)
("C:\Program Files (x86)\MiKTeX 2.9\tex\latex\subfigure\subfigure.sty"
Package: subfigure 2002/07/30 v2.1.4 subfigure package
\subfigtopskip=\skip44
\subfigcapskip=\skip45
\subfigcaptopadj=\dimen120
\subfigbottomskip=\skip46
\subfigcapmargin=\dimen121
\subfiglabelskip=\skip47
\c@subfigure=\count94
\c@lofdepth=\count95
\c@subtable=\count96
\c@lotdepth=\count97

****************************************
* Local config file subfigure.cfg used *
****************************************
("C:\Program Files (x86)\MiKTeX 2.9\tex\latex\subfigure\subfigure.cfg")
\subfig@top=\skip48
\subfig@bottom=\skip49
)
("C:\Program Files (x86)\MiKTeX 2.9\tex\latex\natbib\natbib.sty"
Package: natbib 2010/09/13 8.31b (PWD, AO)
\bibhang=\skip50
\bibsep=\skip51
LaTeX Info: Redefining \cite on input line 694.
\c@NAT@ctr=\count98
)
("C:\Program Files (x86)\MiKTeX 2.9\tex\latex\listings\listings.sty"
\lst@mode=\count99
\lst@gtempboxa=\box27
\lst@token=\toks16
\lst@length=\count100
\lst@currlwidth=\dimen122
\lst@column=\count101
\lst@pos=\count102
\lst@lostspace=\dimen123
\lst@width=\dimen124
\lst@newlines=\count103
\lst@lineno=\count104
\lst@maxwidth=\dimen125

("C:\Program Files (x86)\MiKTeX 2.9\tex\latex\listings\lstmisc.sty"
File: lstmisc.sty 2013/08/26 1.5b (Carsten Heinz)
\c@lstnumber=\count105
\lst@skipnumbers=\count106
\lst@framebox=\box28
)
("C:\Program Files (x86)\MiKTeX 2.9\tex\latex\listings\listings.cfg"
File: listings.cfg 2013/08/26 1.5b listings configuration
))
Package: listings 2013/08/26 1.5b (Carsten Heinz)

("C:\Program Files (x86)\MiKTeX 2.9\tex\latex\booktabs\booktabs.sty"
Package: booktabs 2005/04/14 v1.61803 publication quality tables
\heavyrulewidth=\dimen126
\lightrulewidth=\dimen127
\cmidrulewidth=\dimen128
\belowrulesep=\dimen129
\belowbottomsep=\dimen130
\aboverulesep=\dimen131
\abovetopsep=\dimen132
\cmidrulesep=\dimen133
\cmidrulekern=\dimen134
\defaultaddspace=\dimen135
\@cmidla=\count107
\@cmidlb=\count108
\@aboverulesep=\dimen136
\@belowrulesep=\dimen137
\@thisruleclass=\count109
\@lastruleclass=\count110
\@thisrulewidth=\dimen138
)
("C:\Program Files (x86)\MiKTeX 2.9\tex\latex\oberdiek\pdflscape.sty"
Package: pdflscape 2008/08/11 v0.10 Display of landscape pages in PDF (HO)

("C:\Program Files (x86)\MiKTeX 2.9\tex\latex\graphics\lscape.sty"
Package: lscape 2000/10/22 v3.01 Landscape Pages (DPC)
)
("C:\Program Files (x86)\MiKTeX 2.9\tex\generic\oberdiek\ifpdf.sty"
Package: ifpdf 2011/01/30 v2.3 Provides the ifpdf switch (HO)
Package ifpdf Info: pdfTeX in PDF mode is detected.
)
Package pdflscape Info: Auto-detected driver: pdftex on input line 80.

("C:\Program Files (x86)\MiKTeX 2.9\tex\generic\ifxetex\ifxetex.sty"
Package: ifxetex 2010/09/12 v0.6 Provides ifxetex conditional
))
("C:\Program Files (x86)\MiKTeX 2.9\tex\latex\tools\longtable.sty"
Package: longtable 2004/02/01 v4.11 Multi-page Table package (DPC)
\LTleft=\skip52
\LTright=\skip53
\LTpre=\skip54
\LTpost=\skip55
\LTchunksize=\count111
\LTcapwidth=\dimen139
\LT@head=\box29
\LT@firsthead=\box30
\LT@foot=\box31
\LT@lastfoot=\box32
\LT@cols=\count112
\LT@rows=\count113
\c@LT@tables=\count114
\c@LT@chunks=\count115
\LT@p@ftn=\toks17
)
("C:\Program Files (x86)\MiKTeX 2.9\tex\latex\tabu\tabu.sty"
Package: tabu 2011/02/26 v2.8 - flexible LaTeX tabulars (FC)

("C:\Program Files (x86)\MiKTeX 2.9\tex\latex\tools\array.sty"
Package: array 2008/09/09 v2.4c Tabular extension package (FMi)
\col@sep=\dimen140
\extrarowheight=\dimen141
\NC@list=\toks18
\extratabsurround=\skip56
\backup@length=\skip57
)
("C:\Program Files (x86)\MiKTeX 2.9\tex\latex\ltxmisc\varwidth.sty"
Package: varwidth 2009/03/30 ver 0.92;  Variable-width minipages
\@vwid@box=\box33
\sift@deathcycles=\count116
\@vwid@loff=\dimen142
\@vwid@roff=\dimen143
)
\c@taburow=\count117
\tabu@nbcols=\count118
\tabu@cnt=\count119
\tabu@Xcol=\count120
\tabu@alloc=\count121
\tabu@nested=\count122
\tabu@target=\dimen144
\tabu@spreadtarget=\dimen145
\tabu@naturalX=\dimen146
\tabucolX=\dimen147
\tabu@Xsum=\dimen148
\extrarowdepth=\dimen149
\abovetabulinesep=\dimen150
\belowtabulinesep=\dimen151
\tabustrutrule=\dimen152
\tabu@thebody=\toks19
\tabu@footnotes=\toks20
\tabu@box=\box34
\tabu@arstrutbox=\box35
\tabu@hleads=\box36
\tabu@vleads=\box37
\tabu@cellskip=\skip58
)
("C:\Program Files (x86)\MiKTeX 2.9\tex\latex\multirow\multirow.sty"
\bigstrutjot=\dimen153
)
("C:\Program Files (x86)\MiKTeX 2.9\tex\latex\multirow\bigstrut.sty")
("C:\Program Files (x86)\MiKTeX 2.9\tex\latex\graphics\color.sty"
Package: color 2005/11/14 v1.0j Standard LaTeX Color (DPC)

("C:\Program Files (x86)\MiKTeX 2.9\tex\latex\00miktex\color.cfg"
File: color.cfg 2007/01/18 v1.5 color configuration of teTeX/TeXLive
)
Package color Info: Driver file: pdftex.def on input line 130.
)
("C:\Program Files (x86)\MiKTeX 2.9\tex\latex\float\float.sty"
Package: float 2001/11/08 v1.3d Float enhancements (AL)
\c@float@type=\count123
\float@exts=\toks21
\float@box=\box38
\@float@everytoks=\toks22
\@floatcapt=\box39
)
("C:\Program Files (x86)\MiKTeX 2.9\tex\latex\base\fixltx2e.sty"
Package: fixltx2e 2006/09/13 v1.1m fixes to LaTeX
LaTeX Info: Redefining \em on input line 420.
)
("C:\Program Files (x86)\MiKTeX 2.9\tex\latex\hyperref\hyperref.sty"
Package: hyperref 2012/11/06 v6.83m Hypertext links for LaTeX

("C:\Program Files (x86)\MiKTeX 2.9\tex\generic\oberdiek\hobsub-hyperref.sty"
Package: hobsub-hyperref 2012/04/25 v1.12 Bundle oberdiek, subset hyperref (HO)


("C:\Program Files (x86)\MiKTeX 2.9\tex\generic\oberdiek\hobsub-generic.sty"
Package: hobsub-generic 2012/04/25 v1.12 Bundle oberdiek, subset generic (HO)
Package: hobsub 2012/04/25 v1.12 Construct package bundles (HO)
Package hobsub Info: Skipping package `infwarerr' (already loaded).
Package hobsub Info: Skipping package `ltxcmds' (already loaded).
Package: ifluatex 2010/03/01 v1.3 Provides the ifluatex switch (HO)
Package ifluatex Info: LuaTeX not detected.
Package: ifvtex 2010/03/01 v1.5 Detect VTeX and its facilities (HO)
Package ifvtex Info: VTeX not detected.
Package: intcalc 2007/09/27 v1.1 Expandable calculations with integers (HO)
Package hobsub Info: Skipping package `ifpdf' (already loaded).
Package: etexcmds 2011/02/16 v1.5 Avoid name clashes with e-TeX commands (HO)
Package etexcmds Info: Could not find \expanded.
(etexcmds)             That can mean that you are not using pdfTeX 1.50 or
(etexcmds)             that some package has redefined \expanded.
(etexcmds)             In the latter case, load this package earlier.
Package: kvsetkeys 2012/04/25 v1.16 Key value parser (HO)
Package: kvdefinekeys 2011/04/07 v1.3 Define keys (HO)
Package: pdftexcmds 2011/11/29 v0.20 Utility functions of pdfTeX for LuaTeX (HO
)
Package pdftexcmds Info: LuaTeX not detected.
Package pdftexcmds Info: \pdf@primitive is available.
Package pdftexcmds Info: \pdf@ifprimitive is available.
Package pdftexcmds Info: \pdfdraftmode found.
Package: pdfescape 2011/11/25 v1.13 Implements pdfTeX's escape features (HO)
Package: bigintcalc 2012/04/08 v1.3 Expandable calculations on big integers (HO
)
Package: bitset 2011/01/30 v1.1 Handle bit-vector datatype (HO)
Package: uniquecounter 2011/01/30 v1.2 Provide unlimited unique counter (HO)
)
Package hobsub Info: Skipping package `hobsub' (already loaded).
Package: letltxmacro 2010/09/02 v1.4 Let assignment for LaTeX macros (HO)
Package: hopatch 2011/06/24 v1.1 Wrapper for package hooks (HO)
Package: xcolor-patch 2011/01/30 xcolor patch
Package: atveryend 2011/06/30 v1.8 Hooks at the very end of document (HO)
Package atveryend Info: \enddocument detected (standard20110627).
Package: atbegshi 2011/10/05 v1.16 At begin shipout hook (HO)
Package: refcount 2011/10/16 v3.4 Data extraction from label references (HO)
Package: hycolor 2011/01/30 v1.7 Color options for hyperref/bookmark (HO)
)
("C:\Program Files (x86)\MiKTeX 2.9\tex\latex\oberdiek\auxhook.sty"
Package: auxhook 2011/03/04 v1.3 Hooks for auxiliary files (HO)
)
("C:\Program Files (x86)\MiKTeX 2.9\tex\latex\oberdiek\kvoptions.sty"
Package: kvoptions 2011/06/30 v3.11 Key value format for package options (HO)
)
\@linkdim=\dimen154
\Hy@linkcounter=\count124
\Hy@pagecounter=\count125

("C:\Program Files (x86)\MiKTeX 2.9\tex\latex\hyperref\pd1enc.def"
File: pd1enc.def 2012/11/06 v6.83m Hyperref: PDFDocEncoding definition (HO)
)
\Hy@SavedSpaceFactor=\count126

("C:\Program Files (x86)\MiKTeX 2.9\tex\latex\00miktex\hyperref.cfg"
File: hyperref.cfg 2002/06/06 v1.2 hyperref configuration of TeXLive
)
Package hyperref Info: Hyper figures OFF on input line 4443.
Package hyperref Info: Link nesting OFF on input line 4448.
Package hyperref Info: Hyper index ON on input line 4451.
Package hyperref Info: Plain pages OFF on input line 4458.
Package hyperref Info: Backreferencing OFF on input line 4463.
Package hyperref Info: Implicit mode ON; LaTeX internals redefined.
Package hyperref Info: Bookmarks ON on input line 4688.
\c@Hy@tempcnt=\count127

("C:\Program Files (x86)\MiKTeX 2.9\tex\latex\ltxmisc\url.sty"
\Urlmuskip=\muskip10
Package: url 2006/04/12  ver 3.3  Verb mode for urls, etc.
)
LaTeX Info: Redefining \url on input line 5041.
\XeTeXLinkMargin=\dimen155
\Fld@menulength=\count128
\Field@Width=\dimen156
\Fld@charsize=\dimen157
Package hyperref Info: Hyper figures OFF on input line 6295.
Package hyperref Info: Link nesting OFF on input line 6300.
Package hyperref Info: Hyper index ON on input line 6303.
Package hyperref Info: backreferencing OFF on input line 6310.
Package hyperref Info: Link coloring OFF on input line 6315.
Package hyperref Info: Link coloring with OCG OFF on input line 6320.
Package hyperref Info: PDF/A mode OFF on input line 6325.
LaTeX Info: Redefining \ref on input line 6365.
LaTeX Info: Redefining \pageref on input line 6369.
\Hy@abspage=\count129
\c@Item=\count130
\c@Hfootnote=\count131
)

Package hyperref Message: Driver (autodetected): hpdftex.

("C:\Program Files (x86)\MiKTeX 2.9\tex\latex\hyperref\hpdftex.def"
File: hpdftex.def 2012/11/06 v6.83m Hyperref driver for pdfTeX
\Fld@listcount=\count132
\c@bookmark@seq@number=\count133

("C:\Program Files (x86)\MiKTeX 2.9\tex\latex\oberdiek\rerunfilecheck.sty"
Package: rerunfilecheck 2011/04/15 v1.7 Rerun checks for auxiliary files (HO)
Package uniquecounter Info: New unique counter `rerunfilecheck' on input line 2
82.
)
\Hy@SectionHShift=\skip59
)
("C:\Users\Charlie\Dropbox\elec6237\SOC_Design_report\Final Report\ReportMain.a
ux"
("C:\Users\Charlie\Dropbox\elec6237\SOC_Design_report\Final Report\Chapters/Int
roduction.aux")
("C:\Users\Charlie\Dropbox\elec6237\SOC_Design_report\Final Report\Chapters/Des
ignandOPT.aux")
("C:\Users\Charlie\Dropbox\elec6237\SOC_Design_report\Final Report\Chapters/Tes
ting.aux")
("C:\Users\Charlie\Dropbox\elec6237\SOC_Design_report\Final Report\Chapters/Var
iability.aux")
("C:\Users\Charlie\Dropbox\elec6237\SOC_Design_report\Final Report\Chapters/Con
clusions.aux"))
LaTeX Font Info:    Checking defaults for OML/cmm/m/it on input line 40.
LaTeX Font Info:    ... okay on input line 40.
LaTeX Font Info:    Checking defaults for T1/cmr/m/n on input line 40.
LaTeX Font Info:    ... okay on input line 40.
LaTeX Font Info:    Checking defaults for OT1/cmr/m/n on input line 40.
LaTeX Font Info:    ... okay on input line 40.
LaTeX Font Info:    Checking defaults for OMS/cmsy/m/n on input line 40.
LaTeX Font Info:    ... okay on input line 40.
LaTeX Font Info:    Checking defaults for OMX/cmex/m/n on input line 40.
LaTeX Font Info:    ... okay on input line 40.
LaTeX Font Info:    Checking defaults for U/cmr/m/n on input line 40.
LaTeX Font Info:    ... okay on input line 40.
LaTeX Font Info:    Checking defaults for PD1/pdf/m/n on input line 40.
LaTeX Font Info:    ... okay on input line 40.

("C:\Program Files (x86)\MiKTeX 2.9\tex\context\base\supp-pdf.mkii"
[Loading MPS to PDF converter (version 2006.09.02).]
\scratchcounter=\count134
\scratchdimen=\dimen158
\scratchbox=\box40
\nofMPsegments=\count135
\nofMParguments=\count136
\everyMPshowfont=\toks23
\MPscratchCnt=\count137
\MPscratchDim=\dimen159
\MPnumerator=\count138
\makeMPintoPDFobject=\count139
\everyMPtoPDFconversion=\toks24
)
\c@lstlisting=\count140
\AtBeginShipoutBox=\box41
Package hyperref Info: Link coloring OFF on input line 40.
 ("C:\Program Files (x86)\MiKTeX 2.9\tex\latex\hyperref\nameref.sty"
Package: nameref 2012/10/27 v2.43 Cross-referencing by name of section

("C:\Program Files (x86)\MiKTeX 2.9\tex\generic\oberdiek\gettitlestring.sty"
Package: gettitlestring 2010/12/03 v1.4 Cleanup title references (HO)
)
\c@section@level=\count141
)
LaTeX Info: Redefining \ref on input line 40.
LaTeX Info: Redefining \pageref on input line 40.
LaTeX Info: Redefining \nameref on input line 40.

("C:\Users\Charlie\Dropbox\elec6237\SOC_Design_report\Final Report\ReportMain.o
ut")
("C:\Users\Charlie\Dropbox\elec6237\SOC_Design_report\Final Report\ReportMain.o
ut")
\@outlinefile=\write3
 [1{C:/ProgramData/MiKTeX/2.9/pdftex/config/pdftex.map}



]
("C:\Users\Charlie\Dropbox\elec6237\SOC_Design_report\Final Report\Chapters/Int
roduction.tex") [2


]
("C:\Users\Charlie\Dropbox\elec6237\SOC_Design_report\Final Report\Chapters/Des
ignandOPT.tex"
LaTeX Font Info:    External font `cmex10' loaded for size
(Font)              <7> on input line 11.
LaTeX Font Info:    External font `cmex10' loaded for size
(Font)              <5> on input line 11.
 <Figures/DFFSchem.png, id=152, 1020.06094pt x 338.01282pt>
File: Figures/DFFSchem.png Graphic file (type png)

<use Figures/DFFSchem.png>
Package pdftex.def Info: Figures/DFFSchem.png used on input line 15.
(pdftex.def)             Requested size: 232.19843pt x 76.94186pt.

<Figures/DFF1fFLoadTNW.png, id=154, 562.1pt x 483.8075pt>
File: Figures/DFF1fFLoadTNW.png Graphic file (type png)

<use Figures/DFF1fFLoadTNW.png>
Package pdftex.def Info: Figures/DFF1fFLoadTNW.png used on input line 28.
(pdftex.def)             Requested size: 116.10315pt x 99.92679pt.

<Figures/DFF1fFLoadINW.png, id=155, 562.1pt x 483.8075pt>
File: Figures/DFF1fFLoadINW.png Graphic file (type png)

<use Figures/DFF1fFLoadINW.png>
Package pdftex.def Info: Figures/DFF1fFLoadINW.png used on input line 31.
(pdftex.def)             Requested size: 116.10315pt x 99.92679pt.

<Figures/DFFLayout.png, id=156, 2574.61874pt x 313.17pt>
File: Figures/DFFLayout.png Graphic file (type png)

<use Figures/DFFLayout.png>
Package pdftex.def Info: Figures/DFFLayout.png used on input line 40.
(pdftex.def)             Requested size: 232.19843pt x 28.24142pt.

<Figures/DETFFSchem.png, id=158, 828.84656pt x 375.65344pt>
File: Figures/DETFFSchem.png Graphic file (type png)

<use Figures/DETFFSchem.png>
Package pdftex.def Info: Figures/DETFFSchem.png used on input line 53.
(pdftex.def)             Requested size: 232.19843pt x 105.23383pt.

<Figures/DETFFLayout.png, id=159, 1138.2525pt x 311.66437pt>
File: Figures/DETFFLayout.png Graphic file (type png)

<use Figures/DETFFLayout.png>
Package pdftex.def Info: Figures/DETFFLayout.png used on input line 62.
(pdftex.def)             Requested size: 232.19843pt x 63.57773pt.


LaTeX Warning: `h' float specifier changed to `ht'.

[3


 <C:/Users/Charlie/Dropbox/elec6237/SOC_Design_report/Final Report/Figures/DFFS
chem.png> <C:/Users/Charlie/Dropbox/elec6237/SOC_Design_report/Final Report/Fig
ures/DFF1fFLoadTNW.png (PNG copy)> <C:/Users/Charlie/Dropbox/elec6237/SOC_Desig
n_report/Final Report/Figures/DFF1fFLoadINW.png (PNG copy)> <C:/Users/Charlie/D
ropbox/elec6237/SOC_Design_report/Final Report/Figures/DFFLayout.png> <C:/Users
/Charlie/Dropbox/elec6237/SOC_Design_report/Final Report/Figures/DETFFSchem.png
>] <Figures/DualRailANDSchem.png, id=173, 534.49687pt x 233.37187pt>
File: Figures/DualRailANDSchem.png Graphic file (type png)

<use Figures/DualRailANDSchem.png>
Package pdftex.def Info: Figures/DualRailANDSchem.png used on input line 78.
(pdftex.def)             Requested size: 232.19843pt x 101.38419pt.
) [4

 <C:/Users/Charlie/Dropbox/elec6237/SOC_Design_report/Final Report/Figures/DETF
FLayout.png> <C:/Users/Charlie/Dropbox/elec6237/SOC_Design_report/Final Report/
Figures/DualRailANDSchem.png>]
("C:\Users\Charlie\Dropbox\elec6237\SOC_Design_report\Final Report\Chapters/Tes
ting.tex" <Figures/DFFTestSchem.png, id=179, 589.4522pt x 188.95593pt>
File: Figures/DFFTestSchem.png Graphic file (type png)

<use Figures/DFFTestSchem.png>
Package pdftex.def Info: Figures/DFFTestSchem.png used on input line 14.
(pdftex.def)             Requested size: 232.19843pt x 74.4335pt.

<Figures/DETFFTestSchem.png, id=180, 777.65532pt x 203.25937pt>
File: Figures/DETFFTestSchem.png Graphic file (type png)

<use Figures/DETFFTestSchem.png>
Package pdftex.def Info: Figures/DETFFTestSchem.png used on input line 23.
(pdftex.def)             Requested size: 232.19843pt x 60.68983pt.

<Figures/DualRailANDTestSchem.png, id=181, 773.13844pt x 317.68687pt>
File: Figures/DualRailANDTestSchem.png Graphic file (type png)

<use Figures/DualRailANDTestSchem.png>
Package pdftex.def Info: Figures/DualRailANDTestSchem.png used on input line 34
.
(pdftex.def)             Requested size: 232.19843pt x 95.40858pt.

<Figures/DualAndCorrectOperation.png, id=182, 1280.785pt x 824.07875pt>
File: Figures/DualAndCorrectOperation.png Graphic file (type png)

<use Figures/DualAndCorrectOperation.png>
Package pdftex.def Info: Figures/DualAndCorrectOperation.png used on input line
 42.
(pdftex.def)             Requested size: 232.19843pt x 149.39659pt.


LaTeX Warning: `h' float specifier changed to `ht'.

) [5


 <C:/Users/Charlie/Dropbox/elec6237/SOC_Design_report/Final Report/Figures/DFFT
estSchem.png> <C:/Users/Charlie/Dropbox/elec6237/SOC_Design_report/Final Report
/Figures/DETFFTestSchem.png> <C:/Users/Charlie/Dropbox/elec6237/SOC_Design_repo
rt/Final Report/Figures/DualRailANDTestSchem.png> <C:/Users/Charlie/Dropbox/ele
c6237/SOC_Design_report/Final Report/Figures/DualAndCorrectOperation.png (PNG c
opy)>]
("C:\Users\Charlie\Dropbox\elec6237\SOC_Design_report\Final Report\Chapters/Var
iability.tex") [6



]
("C:\Users\Charlie\Dropbox\elec6237\SOC_Design_report\Final Report\Chapters/Con
clusions.tex") [7



]
Package atveryend Info: Empty hook `BeforeClearDocument' on input line 89.
Package atveryend Info: Empty hook `AfterLastShipout' on input line 89.

("C:\Users\Charlie\Dropbox\elec6237\SOC_Design_report\Final Report\ReportMain.a
ux"
("C:\Users\Charlie\Dropbox\elec6237\SOC_Design_report\Final Report\Chapters/Int
roduction.aux")
("C:\Users\Charlie\Dropbox\elec6237\SOC_Design_report\Final Report\Chapters/Des
ignandOPT.aux")
("C:\Users\Charlie\Dropbox\elec6237\SOC_Design_report\Final Report\Chapters/Tes
ting.aux")
("C:\Users\Charlie\Dropbox\elec6237\SOC_Design_report\Final Report\Chapters/Var
iability.aux")
("C:\Users\Charlie\Dropbox\elec6237\SOC_Design_report\Final Report\Chapters/Con
clusions.aux"))
Package atveryend Info: Executing hook `AtVeryEndDocument' on input line 89.
Package atveryend Info: Executing hook `AtEndAfterFileList' on input line 89.
Package rerunfilecheck Info: File `ReportMain.out' has not changed.
(rerunfilecheck)             Checksum: 752F3ECB9D1BC50E15729FE68595A7AD;1461.
Package atveryend Info: Empty hook `AtVeryVeryEnd' on input line 89.
 ) 
Here is how much of TeX's memory you used:
 8782 strings out of 493921
 134932 string characters out of 3144870
 228904 words of memory out of 3000000
 11894 multiletter control sequences out of 15000+200000
 32949 words of font info for 62 fonts, out of 3000000 for 9000
 841 hyphenation exceptions out of 8191
 29i,7n,32p,709b,322s stack positions out of 5000i,500n,10000p,200000b,50000s
{C:/Program Files (x86)/MiKTeX 2.9/fonts/enc/dvips/fontname/8r.enc}<C:/Progra
m Files (x86)/MiKTeX 2.9/fonts/type1/public/amsfonts/cm/cmmi10.pfb><C:/Program 
Files (x86)/MiKTeX 2.9/fonts/type1/urw/times/utmb8a.pfb><C:/Program Files (x86)
/MiKTeX 2.9/fonts/type1/urw/times/utmbi8a.pfb><C:/Program Files (x86)/MiKTeX 2.
9/fonts/type1/urw/times/utmr8a.pfb>
Output written on ReportMain.pdf (7 pages, 285969 bytes).
PDF statistics:
 229 PDF objects out of 1000 (max. 8388607)
 50 named destinations out of 1000 (max. 500000)
 296 words of extra memory for PDF output out of 10000 (max. 10000000)

